<?xml version="1.0" encoding="UTF-8"?>
<!-- Generated by org.testng.reporters.JUnitXMLReporter -->
<testsuite hostname="RSI1506" ignored="0" name="Default test" tests="3" failures="0" timestamp="2020-01-15T16:26:09 BRT" time="42.572" errors="0">
  <testcase name="deveCadastrarNovoUsuario" time="4.031" classname="br.com.rsinet.hub_tdd.Test.TestRunner"/>
  <testcase name="deveLogarUsuarioExistente" time="1.793" classname="br.com.rsinet.hub_tdd.Test.TestRunner"/>
  <testcase name="naoDeveCadastrarUsuarioExistente" time="3.174" classname="br.com.rsinet.hub_tdd.Test.TestRunner"/>
</testsuite> <!-- Default test -->
