<?xml version="1.0" encoding="UTF-8"?>
<!-- Generated by org.testng.reporters.JUnitXMLReporter -->
<testsuite hostname="RSI1506" ignored="0" name="Testes de Cadastro" tests="3" failures="0" timestamp="2020-01-27T15:19:29 BRT" time="47.663" errors="0">
  <testcase name="deveCadastrarNovoUsuario" time="6.692" classname="br.com.rsinet.hub_tdd.Test.CenarioCadastroTest"/>
  <testcase name="deveLogarUsuarioExistente" time="2.056" classname="br.com.rsinet.hub_tdd.Test.CenarioCadastroTest"/>
  <testcase name="naoDeveCadastrarUsuarioExistente" time="5.419" classname="br.com.rsinet.hub_tdd.Test.CenarioCadastroTest"/>
</testsuite> <!-- Testes de Cadastro -->
