<?xml version="1.0" encoding="UTF-8"?>
<!-- Generated by org.testng.reporters.JUnitXMLReporter -->
<testsuite hostname="RSI1506" ignored="0" name="Testes de busca de produto pela barra de pesquisa" tests="2" failures="0" timestamp="2020-01-27T15:19:52 BRT" time="23.086" errors="0">
  <testcase name="deveMostrarProdutoExistente" time="0.997" classname="br.com.rsinet.hub_tdd.Test.CenarioBuscaProdutoPorBarraDePesquisa"/>
  <testcase name="naoDeveMostrarProdutoInexistente" time="0.651" classname="br.com.rsinet.hub_tdd.Test.CenarioBuscaProdutoPorBarraDePesquisa"/>
</testsuite> <!-- Testes de busca de produto pela barra de pesquisa -->
