<?xml version="1.0" encoding="UTF-8"?>
<!-- Generated by org.testng.reporters.JUnitXMLReporter -->
<testsuite hostname="RSI1506" ignored="0" name="Testes de busca de produto pela barra de pesquisa" tests="2" failures="0" timestamp="2020-01-28T13:36:30 BRT" time="27.334" errors="0">
  <testcase name="deveMostrarProdutoExistente" time="2.42" classname="br.com.rsinet.hub_tdd.Test.CenarioBuscaProdutoPorBarraDePesquisa"/>
  <testcase name="naoDeveMostrarProdutoInexistente" time="1.625" classname="br.com.rsinet.hub_tdd.Test.CenarioBuscaProdutoPorBarraDePesquisa"/>
</testsuite> <!-- Testes de busca de produto pela barra de pesquisa -->
