<?xml version="1.0" encoding="UTF-8"?>
<!-- Generated by org.testng.reporters.JUnitXMLReporter -->
<testsuite hostname="RSI1506" ignored="0" name="Testes de Cadastro" tests="3" failures="0" timestamp="2020-01-28T13:36:03 BRT" time="59.385" errors="0">
  <testcase name="deveCadastrarNovoUsuario" time="10.261" classname="br.com.rsinet.hub_tdd.Test.CenarioCadastroTest"/>
  <testcase name="deveLogarUsuarioExistente" time="3.015" classname="br.com.rsinet.hub_tdd.Test.CenarioCadastroTest"/>
  <testcase name="naoDeveCadastrarUsuarioExistente" time="7.811" classname="br.com.rsinet.hub_tdd.Test.CenarioCadastroTest"/>
</testsuite> <!-- Testes de Cadastro -->
