<?xml version="1.0" encoding="UTF-8"?>
<!-- Generated by org.testng.reporters.JUnitXMLReporter -->
<testsuite hostname="RSI1506" ignored="0" name="Testes de busca de produto pela tela" tests="2" failures="0" timestamp="2020-01-27T15:20:15 BRT" time="22.697" errors="0">
  <testcase name="deveEncontrarProdutoRespectivoAoExibido" time="0.526" classname="br.com.rsinet.hub_tdd.Test.CenarioBuscaProdutoPelaTela"/>
  <testcase name="naoDeveEncontrarProdutoRespectivoAoExibido" time="0.536" classname="br.com.rsinet.hub_tdd.Test.CenarioBuscaProdutoPelaTela"/>
</testsuite> <!-- Testes de busca de produto pela tela -->
