<?xml version="1.0" encoding="UTF-8"?>
<testng-results skipped="0" failed="0" ignored="0" total="3" passed="3">
  <reporter-output>
    <line>
      <![CDATA[Aplicação Web inicializada | ]]>
    </line>
    <line>
      <![CDATA[Cadastro realizado com sucesso | ]]>
    </line>
    <line>
      <![CDATA[Aplicação Web encerrada]]>
    </line>
    <line>
      <![CDATA[Aplicação Web inicializada | ]]>
    </line>
    <line>
      <![CDATA[Login realizado com sucesso | ]]>
    </line>
    <line>
      <![CDATA[Aplicação Web encerrada]]>
    </line>
    <line>
      <![CDATA[Aplicação Web inicializada | ]]>
    </line>
    <line>
      <![CDATA[Cadastro não realizado (usuario já existente) | ]]>
    </line>
    <line>
      <![CDATA[Aplicação Web encerrada]]>
    </line>
  </reporter-output>
  <suite name="Default suite" duration-ms="65024" started-at="2020-01-17T01:59:15 BRT" finished-at="2020-01-17T02:00:20 BRT">
    <groups>
    </groups>
    <test name="Default test" duration-ms="65024" started-at="2020-01-17T01:59:15 BRT" finished-at="2020-01-17T02:00:20 BRT">
      <class name="br.com.rsinet.hub_tdd.Test.CenarioCadastroTest">
        <test-method status="PASS" signature="iniciaConfiguracoes()[pri:0, instance:br.com.rsinet.hub_tdd.Test.CenarioCadastroTest@2353b3e6]" name="iniciaConfiguracoes" is-config="true" duration-ms="13326" started-at="2020-01-17T01:59:15 BRT" finished-at="2020-01-17T01:59:28 BRT">
          <reporter-output>
          </reporter-output>
        </test-method> <!-- iniciaConfiguracoes -->
        <test-method status="PASS" signature="deveCadastrarNovoUsuario()[pri:0, instance:br.com.rsinet.hub_tdd.Test.CenarioCadastroTest@2353b3e6]" name="deveCadastrarNovoUsuario" duration-ms="7851" started-at="2020-01-17T01:59:28 BRT" finished-at="2020-01-17T01:59:36 BRT">
          <reporter-output>
            <line>
              <![CDATA[Aplicação Web inicializada | ]]>
            </line>
            <line>
              <![CDATA[Cadastro realizado com sucesso | ]]>
            </line>
            <line>
              <![CDATA[Aplicação Web encerrada]]>
            </line>
          </reporter-output>
        </test-method> <!-- deveCadastrarNovoUsuario -->
        <test-method status="PASS" signature="encerraConfiguracoes()[pri:0, instance:br.com.rsinet.hub_tdd.Test.CenarioCadastroTest@2353b3e6]" name="encerraConfiguracoes" is-config="true" duration-ms="685" started-at="2020-01-17T01:59:36 BRT" finished-at="2020-01-17T01:59:37 BRT">
          <reporter-output>
          </reporter-output>
        </test-method> <!-- encerraConfiguracoes -->
        <test-method status="PASS" signature="iniciaConfiguracoes()[pri:0, instance:br.com.rsinet.hub_tdd.Test.CenarioCadastroTest@2353b3e6]" name="iniciaConfiguracoes" is-config="true" duration-ms="10916" started-at="2020-01-17T01:59:37 BRT" finished-at="2020-01-17T01:59:48 BRT">
          <reporter-output>
          </reporter-output>
        </test-method> <!-- iniciaConfiguracoes -->
        <test-method status="PASS" signature="deveLogarUsuarioExistente()[pri:1, instance:br.com.rsinet.hub_tdd.Test.CenarioCadastroTest@2353b3e6]" name="deveLogarUsuarioExistente" duration-ms="2936" started-at="2020-01-17T01:59:48 BRT" finished-at="2020-01-17T01:59:51 BRT">
          <reporter-output>
            <line>
              <![CDATA[Aplicação Web inicializada | ]]>
            </line>
            <line>
              <![CDATA[Login realizado com sucesso | ]]>
            </line>
            <line>
              <![CDATA[Aplicação Web encerrada]]>
            </line>
          </reporter-output>
        </test-method> <!-- deveLogarUsuarioExistente -->
        <test-method status="PASS" signature="encerraConfiguracoes()[pri:0, instance:br.com.rsinet.hub_tdd.Test.CenarioCadastroTest@2353b3e6]" name="encerraConfiguracoes" is-config="true" duration-ms="664" started-at="2020-01-17T01:59:51 BRT" finished-at="2020-01-17T01:59:51 BRT">
          <reporter-output>
          </reporter-output>
        </test-method> <!-- encerraConfiguracoes -->
        <test-method status="PASS" signature="iniciaConfiguracoes()[pri:0, instance:br.com.rsinet.hub_tdd.Test.CenarioCadastroTest@2353b3e6]" name="iniciaConfiguracoes" is-config="true" duration-ms="10866" started-at="2020-01-17T01:59:51 BRT" finished-at="2020-01-17T02:00:02 BRT">
          <reporter-output>
          </reporter-output>
        </test-method> <!-- iniciaConfiguracoes -->
        <test-method status="PASS" signature="naoDeveCadastrarUsuarioExistente()[pri:2, instance:br.com.rsinet.hub_tdd.Test.CenarioCadastroTest@2353b3e6]" name="naoDeveCadastrarUsuarioExistente" duration-ms="16940" started-at="2020-01-17T02:00:02 BRT" finished-at="2020-01-17T02:00:19 BRT">
          <reporter-output>
            <line>
              <![CDATA[Aplicação Web inicializada | ]]>
            </line>
            <line>
              <![CDATA[Cadastro não realizado (usuario já existente) | ]]>
            </line>
            <line>
              <![CDATA[Aplicação Web encerrada]]>
            </line>
          </reporter-output>
        </test-method> <!-- naoDeveCadastrarUsuarioExistente -->
        <test-method status="PASS" signature="encerraConfiguracoes()[pri:0, instance:br.com.rsinet.hub_tdd.Test.CenarioCadastroTest@2353b3e6]" name="encerraConfiguracoes" is-config="true" duration-ms="756" started-at="2020-01-17T02:00:19 BRT" finished-at="2020-01-17T02:00:20 BRT">
          <reporter-output>
          </reporter-output>
        </test-method> <!-- encerraConfiguracoes -->
      </class> <!-- br.com.rsinet.hub_tdd.Test.CenarioCadastroTest -->
    </test> <!-- Default test -->
  </suite> <!-- Default suite -->
</testng-results>
